<?xml version="1.0" encoding="UTF-8"?>
<!-- Generated by org.testng.reporters.JUnitReportReporter -->
<testsuite skipped="0" hostname="DESKTOP-SH57MV1" name="com.abc.magento.MagentoTest" tests="1" failures="0" timestamp="27 Jan 2020 10:21:03 GMT" time="39.079" errors="0">
  <testcase name="test1" time="39.079" classname="com.abc.magento.MagentoTest"/>
</testsuite> <!-- com.abc.magento.MagentoTest -->
